07/07/2025 20:30:05 INICIANDO...	 		  		
07/07/2025 20:30:05 2.16.0.1		 	 		 
07/07/2025 20:30:05 Usuário: Felipo(Administrador) 		 	 		
07/07/2025 20:30:05 Versão do Sistema Operacional: 10.0.19045 		 				
07/07/2025 20:30:05 64 Bits: true 		  			
07/07/2025 20:30:05   ( 0.7 )  		  	 
07/07/2025 20:30:05 UAC: Ativado  			 		
07/07/2025 20:30:05 Verificando se Mozilla Firefox está instalado...			     
07/07/2025 20:30:05 Mozilla Firefox não instalado.
07/07/2025 20:30:05 [1: Ajustando ambiente] Verificando...
07/07/2025 20:30:05 [1: Ajustando ambiente] Corrigindo TLS.
07/07/2025 20:30:05 [1: Ajustando ambiente] Ok.
07/07/2025 20:30:05 [2: Ajustes iniciais] Verificando...
07/07/2025 20:30:05 [2: Ajustes iniciais] Ok.
07/07/2025 20:30:05 [3: Instalação dos certificados raíz] Verificando...
07/07/2025 20:30:05 [3: Instalação dos certificados raíz] Efetuando download do instalador...
07/07/2025 20:30:08 [3: Instalação dos certificados raíz] Instalando...
07/07/2025 20:30:08 [3: Instalação dos certificados raíz] Ok.
07/07/2025 20:30:08 [5: Ajustes adicionais] Verificando...
07/07/2025 20:30:08 [5: Ajustes adicionais] Limpando...
07/07/2025 20:30:08 [5: Ajustes adicionais] Ok.
07/07/2025 20:30:08 [7: Instalando módulo de segurança] Verificando...
07/07/2025 20:30:08 [7: Instalando módulo de segurança] Efetuando download do instalador...
07/07/2025 20:30:13 [7: Instalando módulo de segurança] Instalando...
07/07/2025 20:30:24 [7: Instalando módulo de segurança] Ok.
07/07/2025 20:30:24 [9: Finalizando a instalação] Verificando...
07/07/2025 20:30:24 [9: Finalizando a instalação] Ok.
07/07/2025 20:30:24 [10: Validando a instalação] Verificando...
07/07/2025 20:31:23 [10: Validando a instalação] Instalando...
07/07/2025 20:31:29 [10: Validando a instalação] Ok.
07/07/2025 20:31:29 [12: Ajustando ambiente] Verificando...
07/07/2025 20:31:29 [12: Ajustando ambiente] Ok.
07/07/2025 20:31:29 [13: Ajustando ambiente] Verificando...
07/07/2025 20:31:30 [13: Ajustando ambiente] Ok.
07/07/2025 20:31:30 [14: Concluindo ajustes] Verificando...
07/07/2025 20:31:32 [14: Concluindo ajustes] CONCLUÍDO.
07/07/2025 20:31:32 CONCLUÍDO.
